{"/run/media/arch/Storage/SENA/Proyecto-Formativo/Acadify/frontend/src/config/navigation.ts": {"path":"/run/media/arch/Storage/SENA/Proyecto-Formativo/Acadify/frontend/src/config/navigation.ts","statementMap":{"0":{"start":{"line":31,"column":50},"end":{"line":349,"column":null}},"1":{"start":{"line":356,"column":2},"end":{"line":356,"column":null}},"2":{"start":{"line":356,"column":41},"end":{"line":356,"column":66}},"3":{"start":{"line":364,"column":16},"end":{"line":364,"column":null}},"4":{"start":{"line":365,"column":53},"end":{"line":365,"column":null}},"5":{"start":{"line":367,"column":2},"end":{"line":373,"column":null}},"6":{"start":{"line":368,"column":20},"end":{"line":368,"column":null}},"7":{"start":{"line":369,"column":4},"end":{"line":371,"column":null}},"8":{"start":{"line":370,"column":6},"end":{"line":370,"column":null}},"9":{"start":{"line":372,"column":4},"end":{"line":372,"column":null}},"10":{"start":{"line":375,"column":2},"end":{"line":375,"column":null}},"11":{"start":{"line":382,"column":2},"end":{"line":382,"column":null}},"12":{"start":{"line":389,"column":2},"end":{"line":389,"column":null}},"13":{"start":{"line":396,"column":15},"end":{"line":396,"column":null}},"14":{"start":{"line":396,"column":42},"end":{"line":396,"column":57}},"15":{"start":{"line":397,"column":2},"end":{"line":397,"column":null}},"16":{"start":{"line":403,"column":53},"end":{"line":409,"column":null}},"17":{"start":{"line":414,"column":27},"end":{"line":445,"column":null}}},"fnMap":{"0":{"name":"getNavigationByRole","decl":{"start":{"line":355,"column":16},"end":{"line":355,"column":36}},"loc":{"start":{"line":355,"column":80},"end":{"line":357,"column":null}},"line":355},"1":{"name":"(anonymous_1)","decl":{"start":{"line":356,"column":33},"end":{"line":356,"column":41}},"loc":{"start":{"line":356,"column":41},"end":{"line":356,"column":66}},"line":356},"2":{"name":"getNavigationBySection","decl":{"start":{"line":363,"column":16},"end":{"line":363,"column":39}},"loc":{"start":{"line":363,"column":99},"end":{"line":376,"column":null}},"line":363},"3":{"name":"(anonymous_3)","decl":{"start":{"line":367,"column":16},"end":{"line":367,"column":24}},"loc":{"start":{"line":367,"column":24},"end":{"line":373,"column":3}},"line":367},"4":{"name":"getMainNavItems","decl":{"start":{"line":381,"column":16},"end":{"line":381,"column":32}},"loc":{"start":{"line":381,"column":95},"end":{"line":383,"column":null}},"line":381},"5":{"name":"getSidebarItems","decl":{"start":{"line":388,"column":16},"end":{"line":388,"column":32}},"loc":{"start":{"line":388,"column":76},"end":{"line":390,"column":null}},"line":388},"6":{"name":"canAccessRoute","decl":{"start":{"line":395,"column":16},"end":{"line":395,"column":31}},"loc":{"start":{"line":395,"column":70},"end":{"line":398,"column":null}},"line":395},"7":{"name":"(anonymous_7)","decl":{"start":{"line":396,"column":37},"end":{"line":396,"column":42}},"loc":{"start":{"line":396,"column":42},"end":{"line":396,"column":57}},"line":396}},"branchMap":{"0":{"loc":{"start":{"line":355,"column":36},"end":{"line":355,"column":80}},"type":"default-arg","locations":[{"start":{"line":355,"column":53},"end":{"line":355,"column":80}}],"line":355},"1":{"loc":{"start":{"line":363,"column":39},"end":{"line":363,"column":99}},"type":"default-arg","locations":[{"start":{"line":363,"column":56},"end":{"line":363,"column":99}}],"line":363},"2":{"loc":{"start":{"line":368,"column":20},"end":{"line":368,"column":null}},"type":"binary-expr","locations":[{"start":{"line":368,"column":20},"end":{"line":368,"column":36}},{"start":{"line":368,"column":36},"end":{"line":368,"column":null}}],"line":368},"3":{"loc":{"start":{"line":369,"column":4},"end":{"line":371,"column":null}},"type":"if","locations":[{"start":{"line":369,"column":4},"end":{"line":371,"column":null}},{"start":{},"end":{}}],"line":369},"4":{"loc":{"start":{"line":381,"column":32},"end":{"line":381,"column":58}},"type":"default-arg","locations":[{"start":{"line":381,"column":49},"end":{"line":381,"column":58}}],"line":381},"5":{"loc":{"start":{"line":381,"column":58},"end":{"line":381,"column":95}},"type":"default-arg","locations":[{"start":{"line":381,"column":74},"end":{"line":381,"column":95}}],"line":381},"6":{"loc":{"start":{"line":388,"column":32},"end":{"line":388,"column":76}},"type":"default-arg","locations":[{"start":{"line":388,"column":49},"end":{"line":388,"column":76}}],"line":388},"7":{"loc":{"start":{"line":397,"column":9},"end":{"line":397,"column":null}},"type":"cond-expr","locations":[{"start":{"line":397,"column":16},"end":{"line":397,"column":44}},{"start":{"line":397,"column":44},"end":{"line":397,"column":null}}],"line":397}},"s":{"0":1,"1":71,"2":2627,"3":12,"4":12,"5":12,"6":153,"7":153,"8":49,"9":153,"10":12,"11":2,"12":2,"13":6,"14":69,"15":6,"16":1,"17":1},"f":{"0":71,"1":2627,"2":12,"3":153,"4":2,"5":2,"6":6,"7":69},"b":{"0":[71],"1":[12],"2":[153,0],"3":[49,104],"4":[2],"5":[2],"6":[2],"7":[6,0]},"meta":{"lastBranch":8,"lastFunction":8,"lastStatement":18,"seen":{"s:31:50:349:Infinity":0,"f:355:16:355:36":0,"b:355:53:355:80":0,"s:356:2:356:Infinity":1,"f:356:33:356:41":1,"s:356:41:356:66":2,"f:363:16:363:39":2,"b:363:56:363:99":1,"s:364:16:364:Infinity":3,"s:365:53:365:Infinity":4,"s:367:2:373:Infinity":5,"f:367:16:367:24":3,"s:368:20:368:Infinity":6,"b:368:20:368:36:368:36:368:Infinity":2,"b:369:4:371:Infinity:undefined:undefined:undefined:undefined":3,"s:369:4:371:Infinity":7,"s:370:6:370:Infinity":8,"s:372:4:372:Infinity":9,"s:375:2:375:Infinity":10,"f:381:16:381:32":4,"b:381:49:381:58":4,"b:381:74:381:95":5,"s:382:2:382:Infinity":11,"f:388:16:388:32":5,"b:388:49:388:76":6,"s:389:2:389:Infinity":12,"f:395:16:395:31":6,"s:396:15:396:Infinity":13,"f:396:37:396:42":7,"s:396:42:396:57":14,"s:397:2:397:Infinity":15,"b:397:16:397:44:397:44:397:Infinity":7,"s:403:53:409:Infinity":16,"s:414:27:445:Infinity":17}}}
}
